F:\USERS\KJ\DOCUMENTS\VISUAL STUDIO 2010\PROJECTS\WINSOCK\DEBUG\WINSOCK_CLIENT.EXE
F:\USERS\KJ\DOCUMENTS\VISUAL STUDIO 2010\PROJECTS\WINSOCK\DEBUG\WINSOCK_CLIENT.ILK
F:\USERS\KJ\DOCUMENTS\VISUAL STUDIO 2010\PROJECTS\WINSOCK\DEBUG\WINSOCK_CLIENT.PDB
F:\Users\KJ\documents\visual studio 2010\Projects\winsock\winsock\Debug\cl.command.1.tlog
F:\Users\KJ\documents\visual studio 2010\Projects\winsock\winsock\Debug\CL.read.1.tlog
F:\Users\KJ\documents\visual studio 2010\Projects\winsock\winsock\Debug\CL.write.1.tlog
F:\Users\KJ\documents\visual studio 2010\Projects\winsock\winsock\Debug\link.3028.read.1.tlog
F:\Users\KJ\documents\visual studio 2010\Projects\winsock\winsock\Debug\link.3028.write.1.tlog
F:\Users\KJ\documents\visual studio 2010\Projects\winsock\winsock\Debug\link.3028-cvtres.read.1.tlog
F:\Users\KJ\documents\visual studio 2010\Projects\winsock\winsock\Debug\link.3028-cvtres.write.1.tlog
F:\Users\KJ\documents\visual studio 2010\Projects\winsock\winsock\Debug\link.command.1.tlog
F:\Users\KJ\documents\visual studio 2010\Projects\winsock\winsock\Debug\link.read.1.tlog
F:\Users\KJ\documents\visual studio 2010\Projects\winsock\winsock\Debug\link.write.1.tlog
F:\Users\KJ\documents\visual studio 2010\Projects\winsock\winsock\Debug\link-cvtres.read.1.tlog
F:\Users\KJ\documents\visual studio 2010\Projects\winsock\winsock\Debug\link-cvtres.write.1.tlog
F:\Users\KJ\documents\visual studio 2010\Projects\winsock\winsock\Debug\mt.command.1.tlog
F:\Users\KJ\documents\visual studio 2010\Projects\winsock\winsock\Debug\mt.read.1.tlog
F:\Users\KJ\documents\visual studio 2010\Projects\winsock\winsock\Debug\mt.write.1.tlog
F:\Users\KJ\documents\visual studio 2010\Projects\winsock\winsock\Debug\rc.command.1.tlog
F:\Users\KJ\documents\visual studio 2010\Projects\winsock\winsock\Debug\rc.read.1.tlog
F:\Users\KJ\documents\visual studio 2010\Projects\winsock\winsock\Debug\rc.write.1.tlog
F:\USERS\KJ\DOCUMENTS\VISUAL STUDIO 2010\PROJECTS\WINSOCK\WINSOCK\DEBUG\STDAFX.OBJ
F:\Users\KJ\documents\visual studio 2010\Projects\winsock\winsock\Debug\vc100.idb
F:\USERS\KJ\DOCUMENTS\VISUAL STUDIO 2010\PROJECTS\WINSOCK\WINSOCK\DEBUG\VC100.PDB
F:\USERS\KJ\DOCUMENTS\VISUAL STUDIO 2010\PROJECTS\WINSOCK\WINSOCK\DEBUG\WINSOCK.OBJ
F:\USERS\KJ\DOCUMENTS\VISUAL STUDIO 2010\PROJECTS\WINSOCK\WINSOCK\DEBUG\WINSOCK_CLIENT.EXE.EMBED.MANIFEST
F:\USERS\KJ\DOCUMENTS\VISUAL STUDIO 2010\PROJECTS\WINSOCK\WINSOCK\DEBUG\WINSOCK_CLIENT.EXE.EMBED.MANIFEST.RES
F:\USERS\KJ\DOCUMENTS\VISUAL STUDIO 2010\PROJECTS\WINSOCK\WINSOCK\DEBUG\WINSOCK_CLIENT.EXE.INTERMEDIATE.MANIFEST
F:\USERS\KJ\DOCUMENTS\VISUAL STUDIO 2010\PROJECTS\WINSOCK\WINSOCK\DEBUG\WINSOCK_CLIENT.PCH
F:\Users\KJ\documents\visual studio 2010\Projects\winsock\winsock\Debug\winsock_client_manifest.rc
