F:\USERS\KJ\DOCUMENTS\VISUAL STUDIO 2010\PROJECTS\WINSOCK\DEBUG\WINSOCK_SERVER.EXE
F:\USERS\KJ\DOCUMENTS\VISUAL STUDIO 2010\PROJECTS\WINSOCK\DEBUG\WINSOCK_SERVER.ILK
F:\USERS\KJ\DOCUMENTS\VISUAL STUDIO 2010\PROJECTS\WINSOCK\DEBUG\WINSOCK_SERVER.PDB
F:\Users\KJ\documents\visual studio 2010\Projects\winsock\winsock_server\Debug\cl.command.1.tlog
F:\Users\KJ\documents\visual studio 2010\Projects\winsock\winsock_server\Debug\CL.read.1.tlog
F:\Users\KJ\documents\visual studio 2010\Projects\winsock\winsock_server\Debug\CL.write.1.tlog
F:\Users\KJ\documents\visual studio 2010\Projects\winsock\winsock_server\Debug\link.3568.read.1.tlog
F:\Users\KJ\documents\visual studio 2010\Projects\winsock\winsock_server\Debug\link.3568.write.1.tlog
F:\Users\KJ\documents\visual studio 2010\Projects\winsock\winsock_server\Debug\link.3568-cvtres.read.1.tlog
F:\Users\KJ\documents\visual studio 2010\Projects\winsock\winsock_server\Debug\link.3568-cvtres.write.1.tlog
F:\Users\KJ\documents\visual studio 2010\Projects\winsock\winsock_server\Debug\link.command.1.tlog
F:\Users\KJ\documents\visual studio 2010\Projects\winsock\winsock_server\Debug\link.read.1.tlog
F:\Users\KJ\documents\visual studio 2010\Projects\winsock\winsock_server\Debug\link.write.1.tlog
F:\Users\KJ\documents\visual studio 2010\Projects\winsock\winsock_server\Debug\link-cvtres.read.1.tlog
F:\Users\KJ\documents\visual studio 2010\Projects\winsock\winsock_server\Debug\link-cvtres.write.1.tlog
F:\Users\KJ\documents\visual studio 2010\Projects\winsock\winsock_server\Debug\mt.command.1.tlog
F:\Users\KJ\documents\visual studio 2010\Projects\winsock\winsock_server\Debug\mt.read.1.tlog
F:\Users\KJ\documents\visual studio 2010\Projects\winsock\winsock_server\Debug\mt.write.1.tlog
F:\Users\KJ\documents\visual studio 2010\Projects\winsock\winsock_server\Debug\rc.command.1.tlog
F:\Users\KJ\documents\visual studio 2010\Projects\winsock\winsock_server\Debug\rc.read.1.tlog
F:\Users\KJ\documents\visual studio 2010\Projects\winsock\winsock_server\Debug\rc.write.1.tlog
F:\USERS\KJ\DOCUMENTS\VISUAL STUDIO 2010\PROJECTS\WINSOCK\WINSOCK_SERVER\DEBUG\STDAFX.OBJ
F:\Users\KJ\documents\visual studio 2010\Projects\winsock\winsock_server\Debug\vc100.idb
F:\USERS\KJ\DOCUMENTS\VISUAL STUDIO 2010\PROJECTS\WINSOCK\WINSOCK_SERVER\DEBUG\VC100.PDB
F:\USERS\KJ\DOCUMENTS\VISUAL STUDIO 2010\PROJECTS\WINSOCK\WINSOCK_SERVER\DEBUG\WINSOCK_SERVER.EXE.EMBED.MANIFEST
F:\USERS\KJ\DOCUMENTS\VISUAL STUDIO 2010\PROJECTS\WINSOCK\WINSOCK_SERVER\DEBUG\WINSOCK_SERVER.EXE.EMBED.MANIFEST.RES
F:\USERS\KJ\DOCUMENTS\VISUAL STUDIO 2010\PROJECTS\WINSOCK\WINSOCK_SERVER\DEBUG\WINSOCK_SERVER.EXE.INTERMEDIATE.MANIFEST
F:\USERS\KJ\DOCUMENTS\VISUAL STUDIO 2010\PROJECTS\WINSOCK\WINSOCK_SERVER\DEBUG\WINSOCK_SERVER.OBJ
F:\USERS\KJ\DOCUMENTS\VISUAL STUDIO 2010\PROJECTS\WINSOCK\WINSOCK_SERVER\DEBUG\WINSOCK_SERVER.PCH
F:\Users\KJ\documents\visual studio 2010\Projects\winsock\winsock_server\Debug\winsock_server_manifest.rc
