Build started 12/2/2012 5:03:07 PM.
     1>Project "F:\Users\KJ\documents\visual studio 2010\Projects\winsock\winsock_server\winsock_server.vcxproj" on node 2 (build target(s)).
     1>InitializeBuildStatus:
         Creating "Debug\winsock_server.unsuccessfulbuild" because "AlwaysCreate" was specified.
       ClCompile:
         All outputs are up-to-date.
         F:\Program Files (x86)\Microsoft Visual Studio 10.0\VC\bin\CL.exe /c /ZI /nologo /W3 /WX- /Od /Oy- /D WIN32 /D _DEBUG /D _CONSOLE /D _UNICODE /D UNICODE /Gm /EHsc /RTC1 /MDd /GS /fp:precise /Zc:wchar_t /Zc:forScope /Yu"StdAfx.h" /Fp"Debug\winsock_server.pch" /Fo"Debug\\" /Fd"Debug\vc100.pdb" /Gd /TP /analyze- /errorReport:prompt winsock_server.cpp
         winsock_server.cpp
     1>f:\users\kj\documents\visual studio 2010\projects\winsock\winsock_server\winsock_server.cpp(125): warning C4244: 'initializing' : conversion from 'std::streamoff' to 'unsigned int', possible loss of data
     1>f:\users\kj\documents\visual studio 2010\projects\winsock\winsock_server\winsock_server.cpp(132): warning C4244: 'argument' : conversion from 'std::streamoff' to 'int', possible loss of data
       ManifestResourceCompile:
         All outputs are up-to-date.
       Link:
         F:\Program Files (x86)\Microsoft Visual Studio 10.0\VC\bin\link.exe /ERRORREPORT:PROMPT /OUT:"F:\Users\KJ\documents\visual studio 2010\Projects\winsock\Debug\winsock_server.exe" /INCREMENTAL /NOLOGO kernel32.lib user32.lib gdi32.lib winspool.lib comdlg32.lib advapi32.lib shell32.lib ole32.lib oleaut32.lib uuid.lib odbc32.lib odbccp32.lib /MANIFEST /ManifestFile:"Debug\winsock_server.exe.intermediate.manifest" /MANIFESTUAC:"level='asInvoker' uiAccess='false'" /DEBUG /PDB:"F:\Users\KJ\documents\visual studio 2010\Projects\winsock\Debug\winsock_server.pdb" /SUBSYSTEM:CONSOLE /TLBID:1 /DYNAMICBASE /NXCOMPAT /IMPLIB:"F:\Users\KJ\documents\visual studio 2010\Projects\winsock\Debug\winsock_server.lib" /MACHINE:X86 Debug\winsock_server.exe.embed.manifest.res
         Debug\stdafx.obj
         Debug\winsock_server.obj
       Manifest:
         C:\Program Files (x86)\Microsoft SDKs\Windows\v7.0A\bin\mt.exe /nologo /verbose /out:"Debug\winsock_server.exe.embed.manifest" /manifest Debug\winsock_server.exe.intermediate.manifest
         All outputs are up-to-date.
       LinkEmbedManifest:
         All outputs are up-to-date.
         winsock_server.vcxproj -> F:\Users\KJ\documents\visual studio 2010\Projects\winsock\Debug\winsock_server.exe
       FinalizeBuildStatus:
         Deleting file "Debug\winsock_server.unsuccessfulbuild".
         Touching "Debug\winsock_server.lastbuildstate".
     1>Done Building Project "F:\Users\KJ\documents\visual studio 2010\Projects\winsock\winsock_server\winsock_server.vcxproj" (build target(s)).

Build succeeded.

Time Elapsed 00:00:00.45
